0 info it worked if it ends with ok
1 verbose cli [ 'node',
1 verbose cli   '/usr/local/bin/npm',
1 verbose cli   'install',
1 verbose cli   '--save',
1 verbose cli   'bourbon-net' ]
2 info using npm@1.4.28
3 info using node@v0.10.32
4 verbose cache add [ 'bourbon-net', null ]
5 verbose cache add name=undefined spec="bourbon-net" args=["bourbon-net",null]
6 verbose parsed url { protocol: null,
6 verbose parsed url   slashes: null,
6 verbose parsed url   auth: null,
6 verbose parsed url   host: null,
6 verbose parsed url   port: null,
6 verbose parsed url   hostname: null,
6 verbose parsed url   hash: null,
6 verbose parsed url   search: null,
6 verbose parsed url   query: null,
6 verbose parsed url   pathname: 'bourbon-net',
6 verbose parsed url   path: 'bourbon-net',
6 verbose parsed url   href: 'bourbon-net' }
7 silly lockFile b65170ff-bourbon-net bourbon-net
8 verbose lock bourbon-net /Users/Jordan/.npm/b65170ff-bourbon-net.lock
9 silly lockFile b65170ff-bourbon-net bourbon-net
10 silly lockFile b65170ff-bourbon-net bourbon-net
11 verbose addNamed [ 'bourbon-net', '' ]
12 verbose addNamed [ null, '*' ]
13 silly lockFile 9c0afdad-bourbon-net bourbon-net@
14 verbose lock bourbon-net@ /Users/Jordan/.npm/9c0afdad-bourbon-net.lock
15 silly addNameRange { name: 'bourbon-net', range: '*', hasData: false }
16 verbose request where is /bourbon-net
17 verbose request registry https://registry.npmjs.org/
18 verbose request id e117c517ed02a786
19 verbose url raw /bourbon-net
20 verbose url resolving [ 'https://registry.npmjs.org/', './bourbon-net' ]
21 verbose url resolved https://registry.npmjs.org/bourbon-net
22 verbose request where is https://registry.npmjs.org/bourbon-net
23 info trying registry request attempt 1 at 16:53:31
24 http GET https://registry.npmjs.org/bourbon-net
25 http 404 https://registry.npmjs.org/bourbon-net
26 silly registry.get cb [ 404,
26 silly registry.get   { 'content-type': 'application/json',
26 silly registry.get     'cache-control': 'max-age=0',
26 silly registry.get     'content-length': '2',
26 silly registry.get     'accept-ranges': 'bytes',
26 silly registry.get     date: 'Wed, 16 Nov 2016 21:53:32 GMT',
26 silly registry.get     via: '1.1 varnish',
26 silly registry.get     age: '0',
26 silly registry.get     connection: 'keep-alive',
26 silly registry.get     'x-served-by': 'cache-dfw1824-DFW',
26 silly registry.get     'x-cache': 'MISS',
26 silly registry.get     'x-cache-hits': '0',
26 silly registry.get     'x-timer': 'S1479333211.759130,VS0,VE284',
26 silly registry.get     vary: 'Accept-Encoding' } ]
27 silly lockFile 9c0afdad-bourbon-net bourbon-net@
28 silly lockFile 9c0afdad-bourbon-net bourbon-net@
29 error 404 Not Found
29 error 404
29 error 404 'bourbon-net' is not in the npm registry.
29 error 404 You should bug the author to publish it
29 error 404
29 error 404 Note that you can also install from a
29 error 404 tarball, folder, or http url, or git url.
30 error System Darwin 14.4.0
31 error command "node" "/usr/local/bin/npm" "install" "--save" "bourbon-net"
32 error cwd /Users/Jordan/Desktop/jordan
33 error node -v v0.10.32
34 error npm -v 1.4.28
35 error code E404
36 verbose exit [ 1, true ]
